<?xml version="1.0" encoding="UTF-8"?>
<testsuite name="com.aor.numbers.DivisibleByFilterTest" tests="2" skipped="0" failures="0" errors="0" timestamp="2021-11-26T16:57:38" hostname="LAPTOP-VE01Q4MU" time="0.012">
  <properties/>
  <testcase name="filtrodivisivelpor2()" classname="com.aor.numbers.DivisibleByFilterTest" time="0.011"/>
  <testcase name="filtrodivisivelpor3()" classname="com.aor.numbers.DivisibleByFilterTest" time="0.001"/>
  <system-out><![CDATA[]]></system-out>
  <system-err><![CDATA[]]></system-err>
</testsuite>
