<?xml version="1.0" encoding="UTF-8"?>
<testsuite name="com.aor.numbers.ListAggregatorTestSpock" tests="1" skipped="0" failures="0" errors="0" timestamp="2021-12-09T22:38:28" hostname="LAPTOP-VE01Q4MU" time="0.189">
  <properties/>
  <testcase name="DistinctEx5" classname="com.aor.numbers.ListAggregatorTestSpock" time="0.189"/>
  <system-out><![CDATA[]]></system-out>
  <system-err><![CDATA[]]></system-err>
</testsuite>
