<?xml version="1.0" encoding="UTF-8"?>
<testsuite name="com.aor.numbers.ListFilterTest" tests="1" skipped="0" failures="0" errors="0" timestamp="2021-11-26T16:57:38" hostname="LAPTOP-VE01Q4MU" time="0.009">
  <properties/>
  <testcase name="filtrar()" classname="com.aor.numbers.ListFilterTest" time="0.009"/>
  <system-out><![CDATA[]]></system-out>
  <system-err><![CDATA[]]></system-err>
</testsuite>
